[2023-01-20 06:16:34][1] Processing: App\Mail\NotifyAssignedSpecialist
[2023-01-20 06:16:34][3] Processing: App\Mail\NotifyAssignedSpecialist
[2023-01-20 06:16:34][4] Processing: App\Mail\NotifyAssignedPatient
[2023-01-20 06:16:34][2] Processing: App\Mail\NotifyAssignedPatient
[2023-01-20 06:16:35][2] Processed:  App\Mail\NotifyAssignedPatient
[2023-01-20 06:16:35][5] Processing: App\Mail\NotifyAssignedSpecialist
[2023-01-20 06:16:35][3] Processed:  App\Mail\NotifyAssignedSpecialist
[2023-01-20 06:16:35][6] Processing: App\Mail\NotifyAssignedPatient
[2023-01-20 06:16:35][4] Processed:  App\Mail\NotifyAssignedPatient
[2023-01-20 06:16:35][1] Processed:  App\Mail\NotifyAssignedSpecialist
[2023-01-20 06:16:35][7] Processing: App\Mail\NotifyAssignedSpecialist
[2023-01-20 06:16:35][8] Processing: App\Mail\NotifyAssignedPatient
[2023-01-20 06:16:35][5] Processed:  App\Mail\NotifyAssignedSpecialist
[2023-01-20 06:16:35][9] Processing: App\Mail\NotifyAssignedSpecialist
[2023-01-20 06:16:35][6] Processed:  App\Mail\NotifyAssignedPatient
[2023-01-20 06:16:35][10] Processing: App\Mail\NotifyAssignedPatient
[2023-01-20 06:16:35][7] Processed:  App\Mail\NotifyAssignedSpecialist
[2023-01-20 06:16:35][11] Processing: App\Mail\NotifyAssignedSpecialist
[2023-01-20 06:16:35][8] Processed:  App\Mail\NotifyAssignedPatient
[2023-01-20 06:16:35][12] Processing: App\Mail\NotifyAssignedPatient
[2023-01-20 06:16:35][9] Processed:  App\Mail\NotifyAssignedSpecialist
[2023-01-20 06:16:35][13] Processing: App\Mail\NotifyAssignedSpecialist
[2023-01-20 06:16:35][14] Processing: App\Mail\NotifyAssignedPatient
[2023-01-20 06:16:35][10] Processed:  App\Mail\NotifyAssignedPatient
[2023-01-20 06:16:35][15] Processing: App\Mail\NotifyAssignedSpecialist
[2023-01-20 06:16:35][11] Processed:  App\Mail\NotifyAssignedSpecialist
[2023-01-20 06:16:35][16] Processing: App\Mail\NotifyAssignedPatient
[2023-01-20 06:16:35][12] Processed:  App\Mail\NotifyAssignedPatient
[2023-01-20 06:16:35][17] Processing: App\Mail\NotifyAssignedSpecialist
[2023-01-20 06:16:35][18] Processing: App\Mail\NotifyAssignedPatient
[2023-01-20 06:16:35][19] Processing: App\Mail\NotifyAssignedSpecialist
[2023-01-20 06:16:35][13] Processed:  App\Mail\NotifyAssignedSpecialist
[2023-01-20 06:16:35][20] Processing: App\Mail\NotifyAssignedPatient
[2023-01-20 06:16:35][16] Processed:  App\Mail\NotifyAssignedPatient
[2023-01-20 06:16:35][21] Processing: App\Mail\NotifyAssignedSpecialist
[2023-01-20 06:16:35][15] Processed:  App\Mail\NotifyAssignedSpecialist
[2023-01-20 06:16:35][17] Processed:  App\Mail\NotifyAssignedSpecialist
[2023-01-20 06:16:35][22] Processing: App\Mail\NotifyAssignedPatient
[2023-01-20 06:16:35][23] Processing: App\Mail\NotifyAssignedSpecialist
[2023-01-20 06:16:35][20] Processed:  App\Mail\NotifyAssignedPatient
[2023-01-20 06:16:36][24] Processing: App\Mail\NotifyAssignedPatient
[2023-01-20 06:16:36][14] Processed:  App\Mail\NotifyAssignedPatient
[2023-01-20 06:16:36][25] Processing: App\Mail\NotifyAssignedSpecialist
[2023-01-20 06:16:36][21] Processed:  App\Mail\NotifyAssignedSpecialist
[2023-01-20 06:16:36][26] Processing: App\Mail\NotifyAssignedPatient
[2023-01-20 06:16:36][19] Processed:  App\Mail\NotifyAssignedSpecialist
[2023-01-20 06:16:36][27] Processing: App\Mail\NotifyAssignedSpecialist
[2023-01-20 06:16:36][23] Processed:  App\Mail\NotifyAssignedSpecialist
[2023-01-20 06:16:36][28] Processing: App\Mail\NotifyAssignedPatient
[2023-01-20 06:16:36][22] Processed:  App\Mail\NotifyAssignedPatient
[2023-01-20 06:16:36][29] Processing: App\Mail\NotifyAssignedSpecialist
[2023-01-20 06:16:36][18] Processed:  App\Mail\NotifyAssignedPatient
[2023-01-20 06:16:36][30] Processing: App\Mail\NotifyAssignedPatient
[2023-01-20 06:16:36][25] Processed:  App\Mail\NotifyAssignedSpecialist
[2023-01-20 06:16:36][31] Processing: App\Mail\NotifyAssignedSpecialist
[2023-01-20 06:16:36][24] Processed:  App\Mail\NotifyAssignedPatient
[2023-01-20 06:16:36][32] Processing: App\Mail\NotifyAssignedPatient
[2023-01-20 06:16:36][26] Processed:  App\Mail\NotifyAssignedPatient
[2023-01-20 06:16:36][33] Processing: App\Mail\NotifyAssignedSpecialist
[2023-01-20 06:16:36][28] Processed:  App\Mail\NotifyAssignedPatient
[2023-01-20 06:16:36][34] Processing: App\Mail\NotifyAssignedPatient
[2023-01-20 06:16:36][29] Processed:  App\Mail\NotifyAssignedSpecialist
[2023-01-20 06:16:36][30] Processed:  App\Mail\NotifyAssignedPatient
[2023-01-20 06:16:36][35] Processing: App\Mail\NotifyAssignedSpecialist
[2023-01-20 06:16:36][27] Processed:  App\Mail\NotifyAssignedSpecialist
[2023-01-20 06:16:36][36] Processing: App\Mail\NotifyAssignedPatient
[2023-01-20 06:16:36][31] Processed:  App\Mail\NotifyAssignedSpecialist
[2023-01-20 06:16:36][37] Processing: App\Mail\NotifyAssignedSpecialist
[2023-01-20 06:16:36][32] Processed:  App\Mail\NotifyAssignedPatient
[2023-01-20 06:16:36][38] Processing: App\Mail\NotifyAssignedPatient
[2023-01-20 06:16:36][33] Processed:  App\Mail\NotifyAssignedSpecialist
[2023-01-20 06:16:36][34] Processed:  App\Mail\NotifyAssignedPatient
[2023-01-20 06:16:36][39] Processing: App\Mail\NotifyAssignedSpecialist
[2023-01-20 06:16:36][40] Processing: App\Mail\NotifyAssignedPatient
[2023-01-20 06:16:36][35] Processed:  App\Mail\NotifyAssignedSpecialist
[2023-01-20 06:16:36][41] Processing: App\Mail\NotifyAssignedSpecialist
[2023-01-20 06:16:36][36] Processed:  App\Mail\NotifyAssignedPatient
[2023-01-20 06:16:36][42] Processing: App\Mail\NotifyAssignedPatient
[2023-01-20 06:16:36][37] Processed:  App\Mail\NotifyAssignedSpecialist
[2023-01-20 06:16:36][43] Processing: App\Mail\NotifyAssignedSpecialist
[2023-01-20 06:16:36][38] Processed:  App\Mail\NotifyAssignedPatient
[2023-01-20 06:16:36][44] Processing: App\Mail\NotifyAssignedPatient
[2023-01-20 06:16:36][39] Processed:  App\Mail\NotifyAssignedSpecialist
[2023-01-20 06:16:36][45] Processing: App\Mail\NotifyAssignedSpecialist
[2023-01-20 06:16:36][40] Processed:  App\Mail\NotifyAssignedPatient
[2023-01-20 06:16:36][46] Processing: App\Mail\NotifyAssignedPatient
[2023-01-20 06:16:36][41] Processed:  App\Mail\NotifyAssignedSpecialist
[2023-01-20 06:16:36][47] Processing: App\Mail\NotifyAssignedSpecialist
[2023-01-20 06:16:36][42] Processed:  App\Mail\NotifyAssignedPatient
[2023-01-20 06:16:36][48] Processing: App\Mail\NotifyAssignedPatient
[2023-01-20 06:16:36][43] Processed:  App\Mail\NotifyAssignedSpecialist
[2023-01-20 06:16:36][49] Processing: App\Mail\NotifyAssignedSpecialist
[2023-01-20 06:16:36][44] Processed:  App\Mail\NotifyAssignedPatient
[2023-01-20 06:16:36][50] Processing: App\Mail\NotifyAssignedPatient
[2023-01-20 06:16:36][45] Processed:  App\Mail\NotifyAssignedSpecialist
[2023-01-20 06:16:36][51] Processing: App\Mail\NotifyAssignedSpecialist
[2023-01-20 06:16:36][46] Processed:  App\Mail\NotifyAssignedPatient
[2023-01-20 06:16:36][52] Processing: App\Mail\NotifyAssignedPatient
[2023-01-20 06:16:36][47] Processed:  App\Mail\NotifyAssignedSpecialist
[2023-01-20 06:16:36][53] Processing: App\Mail\NotifyAssignedSpecialist
[2023-01-20 06:16:36][48] Processed:  App\Mail\NotifyAssignedPatient
[2023-01-20 06:16:36][54] Processing: App\Mail\NotifyAssignedPatient
[2023-01-20 06:16:36][55] Processing: App\Mail\NotifyAssignedSpecialist
[2023-01-20 06:16:36][49] Processed:  App\Mail\NotifyAssignedSpecialist
[2023-01-20 06:16:36][56] Processing: App\Mail\NotifyAssignedPatient
[2023-01-20 06:16:36][50] Processed:  App\Mail\NotifyAssignedPatient
[2023-01-20 06:16:36][57] Processing: App\Mail\NotifyAssignedSpecialist
[2023-01-20 06:16:37][58] Processing: App\Mail\NotifyAssignedPatient
[2023-01-20 06:16:37][59] Processing: App\Mail\NotifyAssignedSpecialist
[2023-01-20 06:16:37][60] Processing: App\Mail\NotifyAssignedPatient
[2023-01-20 06:16:37][61] Processing: App\Mail\NotifyAssignedSpecialist
[2023-01-20 06:16:37][62] Processing: App\Mail\NotifyAssignedPatient
[2023-01-20 06:16:37][63] Processing: App\Mail\NotifyAssignedSpecialist
[2023-01-20 06:16:37][64] Processing: App\Mail\NotifyAssignedPatient
[2023-01-20 06:16:37][65] Processing: App\Mail\NotifyAssignedSpecialist
[2023-01-20 06:16:37][66] Processing: App\Mail\NotifyAssignedPatient
[2023-01-20 06:16:37][67] Processing: App\Mail\NotifyAssignedSpecialist
[2023-01-20 06:16:37][68] Processing: App\Mail\NotifyAssignedPatient
[2023-01-20 06:16:37][69] Processing: App\Mail\NotifyAssignedSpecialist
[2023-01-20 06:16:37][70] Processing: App\Mail\NotifyAssignedPatient
[2023-01-20 06:16:37][71] Processing: App\Mail\NotifyAssignedSpecialist
[2023-01-20 06:16:37][72] Processing: App\Mail\NotifyAssignedPatient
[2023-01-20 06:16:37][73] Processing: App\Mail\NotifyAssignedSpecialist
[2023-01-20 06:16:37][74] Processing: App\Mail\NotifyAssignedPatient
[2023-01-20 06:16:37][75] Processing: App\Mail\NotifyAssignedSpecialist
[2023-01-20 06:16:37][76] Processing: App\Mail\NotifyAssignedPatient
[2023-01-20 06:16:37][77] Processing: App\Mail\NotifyAssignedSpecialist
[2023-01-20 06:16:37][78] Processing: App\Mail\NotifyAssignedPatient
[2023-01-20 06:16:37][79] Processing: App\Mail\NotifyAssignedSpecialist
[2023-01-20 06:16:37][80] Processing: App\Mail\NotifyAssignedPatient
[2023-01-20 06:16:37][81] Processing: App\Mail\NotifyAssignedSpecialist
[2023-01-20 06:16:37][82] Processing: App\Mail\NotifyAssignedPatient
[2023-01-20 06:16:37][83] Processing: App\Mail\NotifyAssignedSpecialist
[2023-01-20 06:16:37][84] Processing: App\Mail\NotifyAssignedPatient
[2023-01-20 06:16:37][85] Processing: App\Mail\NotifyAssignedSpecialist
[2023-01-20 06:16:37][86] Processing: App\Mail\NotifyAssignedPatient
[2023-01-20 06:16:37][87] Processing: App\Mail\NotifyAssignedSpecialist
[2023-01-20 06:16:37][88] Processing: App\Mail\NotifyAssignedPatient
[2023-01-20 06:16:37][89] Processing: App\Mail\NotifyAssignedSpecialist
[2023-01-20 06:16:37][90] Processing: App\Mail\NotifyAssignedPatient
[2023-01-20 06:16:37][91] Processing: App\Mail\NotifyAssignedSpecialist
[2023-01-20 06:16:37][92] Processing: App\Mail\NotifyAssignedPatient
[2023-01-20 06:16:37][93] Processing: App\Mail\NotifyAssignedSpecialist
[2023-01-20 06:16:37][94] Processing: App\Mail\NotifyAssignedPatient
[2023-01-20 06:16:37][95] Processing: App\Mail\NotifyAssignedSpecialist
[2023-01-20 06:16:37][96] Processing: App\Mail\NotifyAssignedPatient
[2023-01-20 06:16:37][97] Processing: App\Mail\NotifyAssignedSpecialist
[2023-01-20 06:16:37][98] Processing: App\Mail\NotifyAssignedPatient
[2023-01-20 06:16:37][99] Processing: App\Mail\NotifyAssignedSpecialist
[2023-01-20 06:16:37][100] Processing: App\Mail\NotifyAssignedSpecialist
[2023-01-20 06:16:37][101] Processing: App\Mail\NotifyAssignedPatient
[2023-01-20 06:16:38][102] Processing: App\Mail\NotifyAssignedPatient
[2023-01-20 06:16:38][103] Processing: App\Mail\NotifyAssignedSpecialist
[2023-01-20 06:16:38][104] Processing: App\Mail\NotifyAssignedPatient
[2023-01-20 06:16:38][105] Processing: App\Mail\NotifyAssignedSpecialist
[2023-01-20 06:16:38][106] Processing: App\Mail\NotifyAssignedSpecialist
[2023-01-20 06:16:38][107] Processing: App\Mail\NotifyAssignedPatient
[2023-01-20 06:16:38][108] Processing: App\Mail\NotifyAssignedSpecialist
[2023-01-20 06:16:38][109] Processing: App\Mail\NotifyAssignedSpecialist
[2023-01-20 06:16:38][110] Processing: App\Mail\NotifyAssignedPatient
[2023-01-20 06:16:38][111] Processing: App\Mail\NotifyAssignedPatient
[2023-01-20 06:16:38][112] Processing: App\Mail\NotifyAssignedSpecialist
[2023-01-20 06:16:38][113] Processing: App\Mail\NotifyAssignedPatient
[2023-01-20 06:16:38][114] Processing: App\Mail\NotifyAssignedPatient
[2023-01-20 06:16:38][115] Processing: App\Mail\NotifyAssignedSpecialist
[2023-01-20 06:16:38][116] Processing: App\Mail\NotifyAssignedSpecialist
[2023-01-20 06:16:38][117] Processing: App\Mail\NotifyAssignedPatient
[2023-01-20 06:16:38][118] Processing: App\Mail\NotifyAssignedSpecialist
[2023-01-20 06:16:38][119] Processing: App\Mail\NotifyAssignedPatient
[2023-01-20 06:16:38][120] Processing: App\Mail\NotifyAssignedSpecialist
[2023-01-20 06:16:38][121] Processing: App\Mail\NotifyAssignedPatient
[2023-01-20 06:16:38][122] Processing: App\Mail\NotifyAssignedSpecialist
[2023-01-20 06:16:38][123] Processing: App\Mail\NotifyAssignedPatient
[2023-01-20 06:16:38][124] Processing: App\Mail\NotifyAssignedPatient
[2023-01-20 06:16:38][125] Processing: App\Mail\NotifyAssignedPatient
[2023-01-20 06:16:38][126] Processing: App\Mail\NotifyAssignedSpecialist
[2023-01-20 06:16:38][127] Processing: App\Mail\NotifyAssignedSpecialist
[2023-01-20 06:16:38][128] Processing: App\Mail\NotifyAssignedSpecialist
[2023-01-20 06:16:38][129] Processing: App\Mail\NotifyAssignedPatient
[2023-01-20 06:16:38][128] Failed:     App\Mail\NotifyAssignedSpecialist
[2023-01-20 06:16:38][126] Failed:     App\Mail\NotifyAssignedSpecialist
[2023-01-20 06:16:38][127] Failed:     App\Mail\NotifyAssignedSpecialist
[2023-01-20 06:16:38][129] Failed:     App\Mail\NotifyAssignedPatient
[2023-01-20 06:16:38][130] Processing: App\Mail\NotifyAssignedSpecialist
[2023-01-20 06:16:38][131] Processing: App\Mail\NotifyAssignedPatient
[2023-01-20 06:16:38][132] Processing: App\Mail\NotifyAssignedSpecialist
[2023-01-20 06:16:38][133] Processing: App\Mail\NotifyAssignedPatient
[2023-01-20 06:16:38][130] Failed:     App\Mail\NotifyAssignedSpecialist
[2023-01-20 06:16:38][131] Failed:     App\Mail\NotifyAssignedPatient
[2023-01-20 06:16:38][132] Failed:     App\Mail\NotifyAssignedSpecialist
[2023-01-20 06:16:38][133] Failed:     App\Mail\NotifyAssignedPatient
[2023-01-20 06:16:38][134] Processing: App\Mail\NotifyAssignedPatient
[2023-01-20 06:16:38][135] Processing: App\Mail\NotifyAssignedPatient
[2023-01-20 06:16:38][136] Processing: App\Mail\NotifyAssignedSpecialist
[2023-01-20 06:16:38][137] Processing: App\Mail\NotifyAssignedSpecialist
[2023-01-20 06:16:39][134] Failed:     App\Mail\NotifyAssignedPatient
[2023-01-20 06:16:39][136] Failed:     App\Mail\NotifyAssignedSpecialist
[2023-01-20 06:16:39][135] Failed:     App\Mail\NotifyAssignedPatient
[2023-01-20 06:16:39][137] Failed:     App\Mail\NotifyAssignedSpecialist
[2023-01-20 06:16:39][138] Processing: App\Mail\NotifyAssignedPatient
[2023-01-20 06:16:39][139] Processing: App\Mail\NotifyAssignedSpecialist
[2023-01-20 06:16:39][140] Processing: App\Mail\NotifyAssignedPatient
[2023-01-20 06:16:39][141] Processing: App\Mail\NotifyAssignedPatient
[2023-01-20 06:16:39][138] Failed:     App\Mail\NotifyAssignedPatient
[2023-01-20 06:16:39][139] Failed:     App\Mail\NotifyAssignedSpecialist
[2023-01-20 06:16:39][140] Failed:     App\Mail\NotifyAssignedPatient
[2023-01-20 06:16:39][141] Failed:     App\Mail\NotifyAssignedPatient
[2023-01-20 06:16:39][142] Processing: App\Mail\NotifyAssignedSpecialist
[2023-01-20 06:16:39][143] Processing: App\Mail\NotifyAssignedPatient
[2023-01-20 06:16:39][144] Processing: App\Mail\NotifyAssignedPatient
[2023-01-20 06:16:39][145] Processing: App\Mail\NotifyAssignedSpecialist
[2023-01-20 06:16:39][143] Failed:     App\Mail\NotifyAssignedPatient
[2023-01-20 06:16:39][142] Failed:     App\Mail\NotifyAssignedSpecialist
[2023-01-20 06:16:39][144] Failed:     App\Mail\NotifyAssignedPatient
[2023-01-20 06:16:39][145] Failed:     App\Mail\NotifyAssignedSpecialist
[2023-01-20 06:16:39][146] Processing: App\Mail\NotifyAssignedSpecialist
[2023-01-20 06:16:39][147] Processing: App\Mail\NotifyAssignedPatient
[2023-01-20 06:16:39][148] Processing: App\Mail\NotifyAssignedSpecialist
[2023-01-20 06:16:39][149] Processing: App\Mail\NotifyAssignedPatient
[2023-01-20 06:16:39][146] Failed:     App\Mail\NotifyAssignedSpecialist
[2023-01-20 06:16:39][147] Failed:     App\Mail\NotifyAssignedPatient
[2023-01-20 06:16:39][150] Processing: App\Mail\NotifyAssignedSpecialist
[2023-01-20 06:16:39][148] Failed:     App\Mail\NotifyAssignedSpecialist
[2023-01-20 06:16:39][149] Failed:     App\Mail\NotifyAssignedPatient
[2023-01-20 06:16:39][151] Processing: App\Mail\NotifyAssignedPatient
[2023-01-20 06:16:39][152] Processing: App\Mail\NotifyAssignedPatient
[2023-01-20 06:16:39][153] Processing: App\Mail\NotifyAssignedSpecialist
[2023-01-20 06:16:39][150] Failed:     App\Mail\NotifyAssignedSpecialist
[2023-01-20 06:16:39][151] Failed:     App\Mail\NotifyAssignedPatient
[2023-01-20 06:16:39][152] Failed:     App\Mail\NotifyAssignedPatient
[2023-01-20 06:16:39][153] Failed:     App\Mail\NotifyAssignedSpecialist
[2023-01-20 06:18:07][66] Processing: App\Mail\NotifyAssignedPatient
[2023-01-20 06:18:07][78] Processing: App\Mail\NotifyAssignedPatient
[2023-01-20 06:18:07][79] Processing: App\Mail\NotifyAssignedSpecialist
[2023-01-20 06:18:07][87] Processing: App\Mail\NotifyAssignedSpecialist
[2023-01-20 06:18:07][89] Processing: App\Mail\NotifyAssignedSpecialist
[2023-01-20 06:18:07][92] Processing: App\Mail\NotifyAssignedPatient
[2023-01-20 06:18:07][92] Failed:     App\Mail\NotifyAssignedPatient
[2023-01-20 06:18:07][94] Processing: App\Mail\NotifyAssignedPatient
[2023-01-20 06:18:08][94] Failed:     App\Mail\NotifyAssignedPatient
[2023-01-20 06:18:08][99] Processing: App\Mail\NotifyAssignedSpecialist
[2023-01-20 06:18:08][105] Processing: App\Mail\NotifyAssignedSpecialist
[2023-01-20 06:18:08][105] Failed:     App\Mail\NotifyAssignedSpecialist
[2023-01-20 06:18:08][99] Failed:     App\Mail\NotifyAssignedSpecialist
[2023-01-20 06:18:08][106] Processing: App\Mail\NotifyAssignedSpecialist
[2023-01-20 06:18:08][123] Processing: App\Mail\NotifyAssignedPatient
[2023-01-20 06:18:08][123] Failed:     App\Mail\NotifyAssignedPatient
[2023-01-20 06:18:08][106] Failed:     App\Mail\NotifyAssignedSpecialist
[2023-01-20 06:18:08][125] Processing: App\Mail\NotifyAssignedPatient
[2023-01-20 06:18:08][154] Processing: App\Mail\NotifyAssignedPatient
[2023-01-20 06:18:08][125] Failed:     App\Mail\NotifyAssignedPatient
[2023-01-20 06:18:08][155] Processing: App\Mail\NotifyAssignedPatient
[2023-01-20 06:18:08][154] Failed:     App\Mail\NotifyAssignedPatient
[2023-01-20 06:18:08][156] Processing: App\Mail\NotifyAssignedSpecialist
[2023-01-20 06:18:08][155] Failed:     App\Mail\NotifyAssignedPatient
[2023-01-20 06:18:08][157] Processing: App\Mail\NotifyAssignedSpecialist
[2023-01-20 06:18:08][156] Failed:     App\Mail\NotifyAssignedSpecialist
[2023-01-20 06:18:08][158] Processing: App\Mail\NotifyAssignedSpecialist
[2023-01-20 06:18:08][157] Failed:     App\Mail\NotifyAssignedSpecialist
[2023-01-20 06:18:08][158] Failed:     App\Mail\NotifyAssignedSpecialist
[2023-02-04 21:48:46][159] Processing: App\Mail\NotifyAssignedSpecialist
[2023-02-04 21:48:46][160] Processing: App\Mail\NotifyAssignedPatient
[2023-02-04 21:48:54][161] Processing: App\Mail\NotifyAssignedPatient
[2023-02-04 21:48:54][162] Processing: App\Mail\NotifyAssignedSpecialist
[2023-02-04 21:49:02][163] Processing: App\Mail\NotifyAssignedSpecialist
[2023-02-04 21:49:02][164] Processing: App\Mail\NotifyAssignedPatient
[2023-02-04 21:49:11][164] Failed:     App\Mail\NotifyAssignedPatient
[2023-02-04 21:49:14][163] Failed:     App\Mail\NotifyAssignedSpecialist
[2023-02-12 20:06:31][165] Processing: App\Events\NewChatMessage
[2023-02-12 20:06:32][165] Processed:  App\Events\NewChatMessage
[2023-02-12 20:06:47][166] Processing: App\Events\NewChatMessage
[2023-02-12 20:06:47][166] Processed:  App\Events\NewChatMessage
[2023-02-12 20:06:59][167] Processing: App\Events\NewChatMessage
[2023-02-12 20:06:59][167] Processed:  App\Events\NewChatMessage
